"C:/Users/chris/Desktop/Diss Project/RTPG/Content/Mannequin/Character/Mesh/UE4_Mannequin_Skeleton.uasset" 0
"C:/Users/chris/Desktop/Diss Project/RTPG/Content/Mannequin/Character/Mesh/UE4_Mannequin_Skeleton.uexp" 1
"C:/Users/chris/Desktop/Diss Project/RTPG/Content/Mannequin/Animations/ThirdPersonJump_End.uasset" 2
"C:/Users/chris/Desktop/Diss Project/RTPG/Content/Mannequin/Animations/ThirdPersonJump_End.uexp" 3
"C:/Users/chris/Desktop/Diss Project/RTPG/Content/Mannequin/Character/Mesh/SK_Mannequin_Female_PhysicsAsset.uasset" 4
"C:/Users/chris/Desktop/Diss Project/RTPG/Content/Mannequin/Character/Mesh/SK_Mannequin_Female_PhysicsAsset.uexp" 5
"C:/Users/chris/Desktop/Diss Project/RTPG/Content/Mannequin/Character/Textures/T_UE4Logo_N.uasset" 6
"C:/Users/chris/Desktop/Diss Project/RTPG/Content/Mannequin/Character/Textures/T_UE4Logo_N.uexp" 7
"C:/Users/chris/Desktop/Diss Project/RTPG/Content/Mannequin/Character/Textures/T_UE4Logo_N.ubulk" 8
"C:/Users/chris/Desktop/Diss Project/RTPG/Content/Mannequin/Character/Textures/T_UE4Logo_Mask.uasset" 9
"C:/Users/chris/Desktop/Diss Project/RTPG/Content/Mannequin/Character/Textures/T_UE4Logo_Mask.uexp" 10
"C:/Users/chris/Desktop/Diss Project/RTPG/Content/Mannequin/Character/Textures/T_UE4Logo_Mask.ubulk" 11
"C:/Users/chris/Desktop/Diss Project/RTPG/Content/Mannequin/Character/Textures/T_Male_N.uasset" 12
"C:/Users/chris/Desktop/Diss Project/RTPG/Content/Mannequin/Character/Textures/T_Male_N.uexp" 13
"C:/Users/chris/Desktop/Diss Project/RTPG/Content/Mannequin/Character/Textures/T_Male_N.ubulk" 14
"C:/Users/chris/Desktop/Diss Project/RTPG/Content/Mannequin/Character/Textures/T_Male_Mask.uasset" 15
"C:/Users/chris/Desktop/Diss Project/RTPG/Content/Mannequin/Character/Textures/T_Male_Mask.uexp" 16
"C:/Users/chris/Desktop/Diss Project/RTPG/Content/Mannequin/Character/Textures/T_Male_Mask.ubulk" 17
"C:/Users/chris/Desktop/Diss Project/RTPG/Content/Mannequin/Character/Materials/MaterialLayers/T_ML_Rubber_Blue_01_N.uasset" 18
"C:/Users/chris/Desktop/Diss Project/RTPG/Content/Mannequin/Character/Materials/MaterialLayers/T_ML_Rubber_Blue_01_N.uexp" 19
"C:/Users/chris/Desktop/Diss Project/RTPG/Content/Mannequin/Character/Materials/MaterialLayers/T_ML_Rubber_Blue_01_N.ubulk" 20
"C:/Users/chris/Desktop/Diss Project/RTPG/Content/Mannequin/Character/Materials/MaterialLayers/T_ML_Rubber_Blue_01_D.uasset" 21
"C:/Users/chris/Desktop/Diss Project/RTPG/Content/Mannequin/Character/Materials/MaterialLayers/T_ML_Rubber_Blue_01_D.uexp" 22
"C:/Users/chris/Desktop/Diss Project/RTPG/Content/Mannequin/Character/Materials/MaterialLayers/T_ML_Rubber_Blue_01_D.ubulk" 23
"C:/Users/chris/Desktop/Diss Project/RTPG/Content/Mannequin/Character/Materials/MaterialLayers/T_ML_Aluminum01_N.uasset" 24
"C:/Users/chris/Desktop/Diss Project/RTPG/Content/Mannequin/Character/Materials/MaterialLayers/T_ML_Aluminum01_N.uexp" 25
"C:/Users/chris/Desktop/Diss Project/RTPG/Content/Mannequin/Character/Materials/MaterialLayers/T_ML_Aluminum01_N.ubulk" 26
"C:/Users/chris/Desktop/Diss Project/RTPG/Content/Mannequin/Character/Materials/MaterialLayers/T_ML_Aluminum01.uasset" 27
"C:/Users/chris/Desktop/Diss Project/RTPG/Content/Mannequin/Character/Materials/MaterialLayers/T_ML_Aluminum01.uexp" 28
"C:/Users/chris/Desktop/Diss Project/RTPG/Content/Mannequin/Character/Materials/MaterialLayers/T_ML_Aluminum01.ubulk" 29
"C:/Users/chris/Desktop/Diss Project/RTPG/Content/Mannequin/Character/Materials/MaterialLayers/ML_SoftMetal_UE4.uasset" 30
"C:/Users/chris/Desktop/Diss Project/RTPG/Content/Mannequin/Character/Materials/MaterialLayers/ML_SoftMetal_UE4.uexp" 31
"C:/Users/chris/Desktop/Diss Project/RTPG/Content/Mannequin/Character/Materials/MaterialLayers/ML_Plastic_Shiny_Beige_LOGO.uasset" 32
"C:/Users/chris/Desktop/Diss Project/RTPG/Content/Mannequin/Character/Materials/MaterialLayers/ML_Plastic_Shiny_Beige_LOGO.uexp" 33
"C:/Users/chris/Desktop/Diss Project/RTPG/Content/Mannequin/Character/Materials/MaterialLayers/ML_Plastic_Shiny_Beige.uasset" 34
"C:/Users/chris/Desktop/Diss Project/RTPG/Content/Mannequin/Character/Materials/MaterialLayers/ML_Plastic_Shiny_Beige.uexp" 35
"C:/Users/chris/Desktop/Diss Project/RTPG/Content/Mannequin/Character/Materials/MaterialLayers/ML_GlossyBlack_Latex_UE4.uasset" 36
"C:/Users/chris/Desktop/Diss Project/RTPG/Content/Mannequin/Character/Materials/MaterialLayers/ML_GlossyBlack_Latex_UE4.uexp" 37
"../../../Engine/Content/Functions/MaterialLayerFunctions/MatLayerBlend_Simple.uasset" 38
"../../../Engine/Content/Functions/MaterialLayerFunctions/MatLayerBlend_Simple.uexp" 39
"../../../Engine/Content/Functions/Engine_MaterialFunctions02/Utility/BlendAngleCorrectedNormals.uasset" 40
"../../../Engine/Content/Functions/Engine_MaterialFunctions02/Utility/BlendAngleCorrectedNormals.uexp" 41
"../../../Engine/Content/Functions/MaterialLayerFunctions/MatLayerBlend_NormalBlend.uasset" 42
"../../../Engine/Content/Functions/MaterialLayerFunctions/MatLayerBlend_NormalBlend.uexp" 43
"C:/Users/chris/Desktop/Diss Project/RTPG/Content/Mannequin/Character/Materials/M_Male_Body.uasset" 44
"C:/Users/chris/Desktop/Diss Project/RTPG/Content/Mannequin/Character/Materials/M_Male_Body.uexp" 45
"C:/Users/chris/Desktop/Diss Project/RTPG/Content/Mannequin/Character/Materials/M_UE4Man_ChestLogo.uasset" 46
"C:/Users/chris/Desktop/Diss Project/RTPG/Content/Mannequin/Character/Materials/M_UE4Man_ChestLogo.uexp" 47
"C:/Users/chris/Desktop/Diss Project/RTPG/Content/Mannequin/Character/Textures/T_Female_N.uasset" 48
"C:/Users/chris/Desktop/Diss Project/RTPG/Content/Mannequin/Character/Textures/T_Female_N.uexp" 49
"C:/Users/chris/Desktop/Diss Project/RTPG/Content/Mannequin/Character/Textures/T_Female_N.ubulk" 50
"C:/Users/chris/Desktop/Diss Project/RTPG/Content/Mannequin/Character/Textures/T_Female_Mask.uasset" 51
"C:/Users/chris/Desktop/Diss Project/RTPG/Content/Mannequin/Character/Textures/T_Female_Mask.uexp" 52
"C:/Users/chris/Desktop/Diss Project/RTPG/Content/Mannequin/Character/Textures/T_Female_Mask.ubulk" 53
"C:/Users/chris/Desktop/Diss Project/RTPG/Content/Mannequin/Character/Materials/MI_Female_Body.uasset" 54
"C:/Users/chris/Desktop/Diss Project/RTPG/Content/Mannequin/Character/Materials/MI_Female_Body.uexp" 55
"C:/Users/chris/Desktop/Diss Project/RTPG/Content/Mannequin/Character/Mesh/SK_Mannequin_Female.uasset" 56
"C:/Users/chris/Desktop/Diss Project/RTPG/Content/Mannequin/Character/Mesh/SK_Mannequin_Female.uexp" 57
"C:/Users/chris/Desktop/Diss Project/RTPG/Content/Textures/WildGrass/oilpt2_2K_Roughness.uasset" 58
"C:/Users/chris/Desktop/Diss Project/RTPG/Content/Textures/WildGrass/oilpt2_2K_Roughness.uexp" 59
"C:/Users/chris/Desktop/Diss Project/RTPG/Content/Textures/WildGrass/oilpt2_2K_Roughness.ubulk" 60
"C:/Users/chris/Desktop/Diss Project/RTPG/Content/Textures/WildGrass/oilpt2_2K_Displacement.uasset" 61
"C:/Users/chris/Desktop/Diss Project/RTPG/Content/Textures/WildGrass/oilpt2_2K_Displacement.uexp" 62
"C:/Users/chris/Desktop/Diss Project/RTPG/Content/Textures/WildGrass/oilpt2_2K_Displacement.ubulk" 63
"C:/Users/chris/Desktop/Diss Project/RTPG/Content/Textures/WildGrass/oilpt2_2K_AO.uasset" 64
"C:/Users/chris/Desktop/Diss Project/RTPG/Content/Textures/WildGrass/oilpt2_2K_AO.uexp" 65
"C:/Users/chris/Desktop/Diss Project/RTPG/Content/Textures/WildGrass/oilpt2_2K_AO.ubulk" 66
"C:/Users/chris/Desktop/Diss Project/RTPG/Content/Textures/WildGrass/oilpt2_2K_Normal.uasset" 67
"C:/Users/chris/Desktop/Diss Project/RTPG/Content/Textures/WildGrass/oilpt2_2K_Normal.uexp" 68
"C:/Users/chris/Desktop/Diss Project/RTPG/Content/Textures/WildGrass/oilpt2_2K_Normal.ubulk" 69
"C:/Users/chris/Desktop/Diss Project/RTPG/Content/Textures/WildGrass/oilpt2_2K_Albedo.uasset" 70
"C:/Users/chris/Desktop/Diss Project/RTPG/Content/Textures/WildGrass/oilpt2_2K_Albedo.uexp" 71
"C:/Users/chris/Desktop/Diss Project/RTPG/Content/Textures/WildGrass/oilpt2_2K_Albedo.ubulk" 72
"C:/Users/chris/Desktop/Diss Project/RTPG/Content/Materials/SingleLayer/SingleLayerMaster.uasset" 73
"C:/Users/chris/Desktop/Diss Project/RTPG/Content/Materials/SingleLayer/SingleLayerMaster.uexp" 74
"C:/Users/chris/Desktop/Diss Project/RTPG/Content/Materials/SingleLayer/SingleLayerWildGrass.uasset" 75
"C:/Users/chris/Desktop/Diss Project/RTPG/Content/Materials/SingleLayer/SingleLayerWildGrass.uexp" 76
"../../../Engine/Content/Functions/Engine_MaterialFunctions02/Utility/MakeFloat3.uasset" 77
"../../../Engine/Content/Functions/Engine_MaterialFunctions02/Utility/MakeFloat3.uexp" 78
"C:/Users/chris/Desktop/Diss Project/RTPG/Content/Materials/Debug/BiomeColours.uasset" 79
"C:/Users/chris/Desktop/Diss Project/RTPG/Content/Materials/Debug/BiomeColours.uexp" 80
"C:/Users/chris/Desktop/Diss Project/RTPG/Content/Materials/Debug/Heat.uasset" 81
"C:/Users/chris/Desktop/Diss Project/RTPG/Content/Materials/Debug/Heat.uexp" 82
"C:/Users/chris/Desktop/Diss Project/RTPG/Content/Materials/Debug/Precipitation.uasset" 83
"C:/Users/chris/Desktop/Diss Project/RTPG/Content/Materials/Debug/Precipitation.uexp" 84
"C:/Users/chris/Desktop/Diss Project/RTPG/Content/Textures/SnowyCliff/Normal.uasset" 85
"C:/Users/chris/Desktop/Diss Project/RTPG/Content/Textures/SnowyCliff/Normal.uexp" 86
"C:/Users/chris/Desktop/Diss Project/RTPG/Content/Textures/SnowyCliff/Normal.ubulk" 87
"C:/Users/chris/Desktop/Diss Project/RTPG/Content/Textures/SnowyCliff/Albedo.uasset" 88
"C:/Users/chris/Desktop/Diss Project/RTPG/Content/Textures/SnowyCliff/Albedo.uexp" 89
"C:/Users/chris/Desktop/Diss Project/RTPG/Content/Textures/SnowyCliff/Albedo.ubulk" 90
"C:/Users/chris/Desktop/Diss Project/RTPG/Content/Textures/MossyRock/vdygcgtlw_2K_Normal.uasset" 91
"C:/Users/chris/Desktop/Diss Project/RTPG/Content/Textures/MossyRock/vdygcgtlw_2K_Normal.uexp" 92
"C:/Users/chris/Desktop/Diss Project/RTPG/Content/Textures/MossyRock/vdygcgtlw_2K_Normal.ubulk" 93
"C:/Users/chris/Desktop/Diss Project/RTPG/Content/Textures/MossyRock/vdygcgtlw_2K_Albedo.uasset" 94
"C:/Users/chris/Desktop/Diss Project/RTPG/Content/Textures/MossyRock/vdygcgtlw_2K_Albedo.uexp" 95
"C:/Users/chris/Desktop/Diss Project/RTPG/Content/Textures/MossyRock/vdygcgtlw_2K_Albedo.ubulk" 96
"C:/Users/chris/Desktop/Diss Project/RTPG/Content/Textures/MossGround/umphfdgdy_2K_Normal.uasset" 97
"C:/Users/chris/Desktop/Diss Project/RTPG/Content/Textures/MossGround/umphfdgdy_2K_Normal.uexp" 98
"C:/Users/chris/Desktop/Diss Project/RTPG/Content/Textures/MossGround/umphfdgdy_2K_Normal.ubulk" 99
"C:/Users/chris/Desktop/Diss Project/RTPG/Content/Textures/MossGround/umphfdgdy_2K_Albedo.uasset" 100
"C:/Users/chris/Desktop/Diss Project/RTPG/Content/Textures/MossGround/umphfdgdy_2K_Albedo.uexp" 101
"C:/Users/chris/Desktop/Diss Project/RTPG/Content/Textures/MossGround/umphfdgdy_2K_Albedo.ubulk" 102
"C:/Users/chris/Desktop/Diss Project/RTPG/Content/Textures/BrightSand/sjzkfega_2K_Normal.uasset" 103
"C:/Users/chris/Desktop/Diss Project/RTPG/Content/Textures/BrightSand/sjzkfega_2K_Normal.uexp" 104
"C:/Users/chris/Desktop/Diss Project/RTPG/Content/Textures/BrightSand/sjzkfega_2K_Normal.ubulk" 105
"C:/Users/chris/Desktop/Diss Project/RTPG/Content/Textures/BrightSand/sjzkfega_2K_Albedo.uasset" 106
"C:/Users/chris/Desktop/Diss Project/RTPG/Content/Textures/BrightSand/sjzkfega_2K_Albedo.uexp" 107
"C:/Users/chris/Desktop/Diss Project/RTPG/Content/Textures/BrightSand/sjzkfega_2K_Albedo.ubulk" 108
"C:/Users/chris/Desktop/Diss Project/RTPG/Content/Textures/WildGrass/WildGrass.uasset" 109
"C:/Users/chris/Desktop/Diss Project/RTPG/Content/Textures/WildGrass/WildGrass.uexp" 110
"C:/Users/chris/Desktop/Diss Project/RTPG/Content/Textures/SnowyCliff/SnowyCliff.uasset" 111
"C:/Users/chris/Desktop/Diss Project/RTPG/Content/Textures/SnowyCliff/SnowyCliff.uexp" 112
"C:/Users/chris/Desktop/Diss Project/RTPG/Content/Textures/MossGround/MossGround.uasset" 113
"C:/Users/chris/Desktop/Diss Project/RTPG/Content/Textures/MossGround/MossGround.uexp" 114
"C:/Users/chris/Desktop/Diss Project/RTPG/Content/Textures/BrightSand/BrightSand.uasset" 115
"C:/Users/chris/Desktop/Diss Project/RTPG/Content/Textures/BrightSand/BrightSand.uexp" 116
"C:/Users/chris/Desktop/Diss Project/RTPG/Content/Materials/BiomeBlends/Shallow.uasset" 117
"C:/Users/chris/Desktop/Diss Project/RTPG/Content/Materials/BiomeBlends/Shallow.uexp" 118
"C:/Users/chris/Desktop/Diss Project/RTPG/Content/Materials/SingleLayer/SingleLayerShallow.uasset" 119
"C:/Users/chris/Desktop/Diss Project/RTPG/Content/Materials/SingleLayer/SingleLayerShallow.uexp" 120
"C:/Users/chris/Desktop/Diss Project/RTPG/Content/Materials/SlopeBlend/BlendMaster.uasset" 121
"C:/Users/chris/Desktop/Diss Project/RTPG/Content/Materials/SlopeBlend/BlendMaster.uexp" 122
"C:/Users/chris/Desktop/Diss Project/RTPG/Content/Materials/SlopeBlend/TerrainSingle.uasset" 123
"C:/Users/chris/Desktop/Diss Project/RTPG/Content/Materials/SlopeBlend/TerrainSingle.uexp" 124
"C:/Users/chris/Desktop/Diss Project/RTPG/Content/Textures/LayerMaster.uasset" 125
"C:/Users/chris/Desktop/Diss Project/RTPG/Content/Textures/LayerMaster.uexp" 126
"C:/Users/chris/Desktop/Diss Project/RTPG/Content/Textures/Archive/DriedGrass/shqoejna_2K_Roughness.uasset" 127
"C:/Users/chris/Desktop/Diss Project/RTPG/Content/Textures/Archive/DriedGrass/shqoejna_2K_Roughness.uexp" 128
"C:/Users/chris/Desktop/Diss Project/RTPG/Content/Textures/Archive/DriedGrass/shqoejna_2K_Roughness.ubulk" 129
"C:/Users/chris/Desktop/Diss Project/RTPG/Content/Textures/Archive/DriedGrass/shqoejna_2K_Normal.uasset" 130
"C:/Users/chris/Desktop/Diss Project/RTPG/Content/Textures/Archive/DriedGrass/shqoejna_2K_Normal.uexp" 131
"C:/Users/chris/Desktop/Diss Project/RTPG/Content/Textures/Archive/DriedGrass/shqoejna_2K_Normal.ubulk" 132
"C:/Users/chris/Desktop/Diss Project/RTPG/Content/Textures/Archive/DriedGrass/shqoejna_2K_Displacement.uasset" 133
"C:/Users/chris/Desktop/Diss Project/RTPG/Content/Textures/Archive/DriedGrass/shqoejna_2K_Displacement.uexp" 134
"C:/Users/chris/Desktop/Diss Project/RTPG/Content/Textures/Archive/DriedGrass/shqoejna_2K_Displacement.ubulk" 135
"C:/Users/chris/Desktop/Diss Project/RTPG/Content/Textures/Archive/DriedGrass/shqoejna_2K_AO.uasset" 136
"C:/Users/chris/Desktop/Diss Project/RTPG/Content/Textures/Archive/DriedGrass/shqoejna_2K_AO.uexp" 137
"C:/Users/chris/Desktop/Diss Project/RTPG/Content/Textures/Archive/DriedGrass/shqoejna_2K_AO.ubulk" 138
"C:/Users/chris/Desktop/Diss Project/RTPG/Content/Textures/Archive/DriedGrass/shqoejna_2K_Albedo.uasset" 139
"C:/Users/chris/Desktop/Diss Project/RTPG/Content/Textures/Archive/DriedGrass/shqoejna_2K_Albedo.uexp" 140
"C:/Users/chris/Desktop/Diss Project/RTPG/Content/Textures/Archive/DriedGrass/shqoejna_2K_Albedo.ubulk" 141
"C:/Users/chris/Desktop/Diss Project/RTPG/Content/Textures/Archive/DriedGrass/DriedGrass.uasset" 142
"C:/Users/chris/Desktop/Diss Project/RTPG/Content/Textures/Archive/DriedGrass/DriedGrass.uexp" 143
"C:/Users/chris/Desktop/Diss Project/RTPG/Content/Textures/Archive/RockyGround/uknicjmmw_2K_Displacement.uasset" 144
"C:/Users/chris/Desktop/Diss Project/RTPG/Content/Textures/Archive/RockyGround/uknicjmmw_2K_Displacement.uexp" 145
"C:/Users/chris/Desktop/Diss Project/RTPG/Content/Textures/Archive/RockyGround/uknicjmmw_2K_Displacement.ubulk" 146
"C:/Users/chris/Desktop/Diss Project/RTPG/Content/Textures/Archive/RockyGround/uknicjmmw_2K_Roughness.uasset" 147
"C:/Users/chris/Desktop/Diss Project/RTPG/Content/Textures/Archive/RockyGround/uknicjmmw_2K_Roughness.uexp" 148
"C:/Users/chris/Desktop/Diss Project/RTPG/Content/Textures/Archive/RockyGround/uknicjmmw_2K_Roughness.ubulk" 149
"C:/Users/chris/Desktop/Diss Project/RTPG/Content/Textures/Archive/RockyGround/uknicjmmw_2K_Normal.uasset" 150
"C:/Users/chris/Desktop/Diss Project/RTPG/Content/Textures/Archive/RockyGround/uknicjmmw_2K_Normal.uexp" 151
"C:/Users/chris/Desktop/Diss Project/RTPG/Content/Textures/Archive/RockyGround/uknicjmmw_2K_Normal.ubulk" 152
"C:/Users/chris/Desktop/Diss Project/RTPG/Content/Textures/Archive/RockyGround/uknicjmmw_2K_AO.uasset" 153
"C:/Users/chris/Desktop/Diss Project/RTPG/Content/Textures/Archive/RockyGround/uknicjmmw_2K_AO.uexp" 154
"C:/Users/chris/Desktop/Diss Project/RTPG/Content/Textures/Archive/RockyGround/uknicjmmw_2K_AO.ubulk" 155
"C:/Users/chris/Desktop/Diss Project/RTPG/Content/Textures/Archive/RockyGround/uknicjmmw_2K_Albedo.uasset" 156
"C:/Users/chris/Desktop/Diss Project/RTPG/Content/Textures/Archive/RockyGround/uknicjmmw_2K_Albedo.uexp" 157
"C:/Users/chris/Desktop/Diss Project/RTPG/Content/Textures/Archive/RockyGround/uknicjmmw_2K_Albedo.ubulk" 158
"C:/Users/chris/Desktop/Diss Project/RTPG/Content/Textures/Archive/RockyGround/RockyGround.uasset" 159
"C:/Users/chris/Desktop/Diss Project/RTPG/Content/Textures/Archive/RockyGround/RockyGround.uexp" 160
"C:/Users/chris/Desktop/Diss Project/RTPG/Content/Textures/BrightSand/sjzkfega_2K_AO.uasset" 161
"C:/Users/chris/Desktop/Diss Project/RTPG/Content/Textures/BrightSand/sjzkfega_2K_AO.uexp" 162
"C:/Users/chris/Desktop/Diss Project/RTPG/Content/Textures/BrightSand/sjzkfega_2K_AO.ubulk" 163
"C:/Users/chris/Desktop/Diss Project/RTPG/Content/Textures/BrightSand/sjzkfega_2K_Displacement.uasset" 164
"C:/Users/chris/Desktop/Diss Project/RTPG/Content/Textures/BrightSand/sjzkfega_2K_Displacement.uexp" 165
"C:/Users/chris/Desktop/Diss Project/RTPG/Content/Textures/BrightSand/sjzkfega_2K_Displacement.ubulk" 166
"C:/Users/chris/Desktop/Diss Project/RTPG/Content/Textures/BrightSand/sjzkfega_2K_Roughness.uasset" 167
"C:/Users/chris/Desktop/Diss Project/RTPG/Content/Textures/BrightSand/sjzkfega_2K_Roughness.uexp" 168
"C:/Users/chris/Desktop/Diss Project/RTPG/Content/Textures/BrightSand/sjzkfega_2K_Roughness.ubulk" 169
"C:/Users/chris/Desktop/Diss Project/RTPG/Content/Textures/MossGround/umphfdgdy_2K_AO.uasset" 170
"C:/Users/chris/Desktop/Diss Project/RTPG/Content/Textures/MossGround/umphfdgdy_2K_AO.uexp" 171
"C:/Users/chris/Desktop/Diss Project/RTPG/Content/Textures/MossGround/umphfdgdy_2K_AO.ubulk" 172
"C:/Users/chris/Desktop/Diss Project/RTPG/Content/Textures/MossGround/umphfdgdy_2K_Displacement.uasset" 173
"C:/Users/chris/Desktop/Diss Project/RTPG/Content/Textures/MossGround/umphfdgdy_2K_Displacement.uexp" 174
"C:/Users/chris/Desktop/Diss Project/RTPG/Content/Textures/MossGround/umphfdgdy_2K_Displacement.ubulk" 175
"C:/Users/chris/Desktop/Diss Project/RTPG/Content/Textures/MossGround/umphfdgdy_2K_Roughness.uasset" 176
"C:/Users/chris/Desktop/Diss Project/RTPG/Content/Textures/MossGround/umphfdgdy_2K_Roughness.uexp" 177
"C:/Users/chris/Desktop/Diss Project/RTPG/Content/Textures/MossGround/umphfdgdy_2K_Roughness.ubulk" 178
"C:/Users/chris/Desktop/Diss Project/RTPG/Content/Textures/MossyRock/vdygcgtlw_2K_AO.uasset" 179
"C:/Users/chris/Desktop/Diss Project/RTPG/Content/Textures/MossyRock/vdygcgtlw_2K_AO.uexp" 180
"C:/Users/chris/Desktop/Diss Project/RTPG/Content/Textures/MossyRock/vdygcgtlw_2K_AO.ubulk" 181
"C:/Users/chris/Desktop/Diss Project/RTPG/Content/Textures/MossyRock/vdygcgtlw_2K_Displacement.uasset" 182
"C:/Users/chris/Desktop/Diss Project/RTPG/Content/Textures/MossyRock/vdygcgtlw_2K_Displacement.uexp" 183
"C:/Users/chris/Desktop/Diss Project/RTPG/Content/Textures/MossyRock/vdygcgtlw_2K_Displacement.ubulk" 184
"C:/Users/chris/Desktop/Diss Project/RTPG/Content/Textures/MossyRock/vdygcgtlw_2K_Roughness.uasset" 185
"C:/Users/chris/Desktop/Diss Project/RTPG/Content/Textures/MossyRock/vdygcgtlw_2K_Roughness.uexp" 186
"C:/Users/chris/Desktop/Diss Project/RTPG/Content/Textures/MossyRock/vdygcgtlw_2K_Roughness.ubulk" 187
"C:/Users/chris/Desktop/Diss Project/RTPG/Content/Textures/SnowyCliff/AO.uasset" 188
"C:/Users/chris/Desktop/Diss Project/RTPG/Content/Textures/SnowyCliff/AO.uexp" 189
"C:/Users/chris/Desktop/Diss Project/RTPG/Content/Textures/SnowyCliff/AO.ubulk" 190
"C:/Users/chris/Desktop/Diss Project/RTPG/Content/Textures/SnowyCliff/Displacement.uasset" 191
"C:/Users/chris/Desktop/Diss Project/RTPG/Content/Textures/SnowyCliff/Displacement.uexp" 192
"C:/Users/chris/Desktop/Diss Project/RTPG/Content/Textures/SnowyCliff/Displacement.ubulk" 193
"C:/Users/chris/Desktop/Diss Project/RTPG/Content/Textures/SnowyCliff/Roughness.uasset" 194
"C:/Users/chris/Desktop/Diss Project/RTPG/Content/Textures/SnowyCliff/Roughness.uexp" 195
"C:/Users/chris/Desktop/Diss Project/RTPG/Content/Textures/SnowyCliff/Roughness.ubulk" 196
"C:/Users/chris/Desktop/Diss Project/RTPG/Content/Textures/WildGrass/BasicGrassMat.uasset" 197
"C:/Users/chris/Desktop/Diss Project/RTPG/Content/Textures/WildGrass/BasicGrassMat.uexp" 198
"C:/Users/chris/Desktop/Diss Project/RTPG/Content/Mannequin/Character/Mesh/SK_Mannequin_PhysicsAsset.uasset" 199
"C:/Users/chris/Desktop/Diss Project/RTPG/Content/Mannequin/Character/Mesh/SK_Mannequin_PhysicsAsset.uexp" 200
"C:/Users/chris/Desktop/Diss Project/RTPG/Content/Mannequin/Character/Mesh/SK_Mannequin.uasset" 201
"C:/Users/chris/Desktop/Diss Project/RTPG/Content/Mannequin/Character/Mesh/SK_Mannequin.uexp" 202
"../../../Engine/Content/EditorBlueprintResources/StandardMacros.uasset" 203
"../../../Engine/Content/EditorBlueprintResources/StandardMacros.uexp" 204
"C:/Users/chris/Desktop/Diss Project/RTPG/Content/Mannequin/Animations/ThirdPersonWalk.uasset" 205
"C:/Users/chris/Desktop/Diss Project/RTPG/Content/Mannequin/Animations/ThirdPersonWalk.uexp" 206
"C:/Users/chris/Desktop/Diss Project/RTPG/Content/Mannequin/Animations/ThirdPersonRun.uasset" 207
"C:/Users/chris/Desktop/Diss Project/RTPG/Content/Mannequin/Animations/ThirdPersonRun.uexp" 208
"C:/Users/chris/Desktop/Diss Project/RTPG/Content/Mannequin/Animations/ThirdPersonIdle.uasset" 209
"C:/Users/chris/Desktop/Diss Project/RTPG/Content/Mannequin/Animations/ThirdPersonIdle.uexp" 210
"C:/Users/chris/Desktop/Diss Project/RTPG/Content/Mannequin/Animations/ThirdPerson_IdleRun_2D.uasset" 211
"C:/Users/chris/Desktop/Diss Project/RTPG/Content/Mannequin/Animations/ThirdPerson_IdleRun_2D.uexp" 212
"C:/Users/chris/Desktop/Diss Project/RTPG/Content/Mannequin/Animations/ThirdPerson_Jump.uasset" 213
"C:/Users/chris/Desktop/Diss Project/RTPG/Content/Mannequin/Animations/ThirdPerson_Jump.uexp" 214
"C:/Users/chris/Desktop/Diss Project/RTPG/Content/Mannequin/Animations/ThirdPersonJump_Start.uasset" 215
"C:/Users/chris/Desktop/Diss Project/RTPG/Content/Mannequin/Animations/ThirdPersonJump_Start.uexp" 216
"C:/Users/chris/Desktop/Diss Project/RTPG/Content/Mannequin/Animations/ThirdPersonJump_Loop.uasset" 217
"C:/Users/chris/Desktop/Diss Project/RTPG/Content/Mannequin/Animations/ThirdPersonJump_Loop.uexp" 218
"C:/Users/chris/Desktop/Diss Project/RTPG/Content/Mannequin/Animations/ThirdPerson_AnimBP.uasset" 219
"C:/Users/chris/Desktop/Diss Project/RTPG/Content/Mannequin/Animations/ThirdPerson_AnimBP.uexp" 220
"C:/Users/chris/Desktop/Diss Project/RTPG/Content/ThirdPersonBP/Blueprints/ThirdPersonCharacter.uasset" 221
"C:/Users/chris/Desktop/Diss Project/RTPG/Content/ThirdPersonBP/Blueprints/ThirdPersonCharacter.uexp" 222
"C:/Users/chris/Desktop/Diss Project/RTPG/Content/ThirdPersonBP/Blueprints/ThirdPersonGameMode.uasset" 223
"C:/Users/chris/Desktop/Diss Project/RTPG/Content/ThirdPersonBP/Blueprints/ThirdPersonGameMode.uexp" 224
"../../../Engine/Content/Animation/DefaultAnimBoneCompressionSettings.uasset" 225
"../../../Engine/Content/Animation/DefaultAnimBoneCompressionSettings.uexp" 226
"../../../Engine/Content/Animation/DefaultAnimCurveCompressionSettings.uasset" 227
"../../../Engine/Content/Animation/DefaultAnimCurveCompressionSettings.uexp" 228
"../../../Engine/Content/EngineMaterials/T_Default_Material_Grid_N.uasset" 229
"../../../Engine/Content/EngineMaterials/T_Default_Material_Grid_N.uexp" 230
"../../../Engine/Content/EngineMaterials/T_Default_Material_Grid_N.ubulk" 231
"../../../Engine/Content/EngineMaterials/T_Default_Material_Grid_M.uasset" 232
"../../../Engine/Content/EngineMaterials/T_Default_Material_Grid_M.uexp" 233
"../../../Engine/Content/EngineMaterials/T_Default_Material_Grid_M.ubulk" 234
"../../../Engine/Content/Functions/Engine_MaterialFunctions01/Opacity/CameraDepthFade.uasset" 235
"../../../Engine/Content/Functions/Engine_MaterialFunctions01/Opacity/CameraDepthFade.uexp" 236
"../../../Engine/Content/EngineMaterials/WorldGridMaterial.uasset" 237
"../../../Engine/Content/EngineMaterials/WorldGridMaterial.uexp" 238
"../../../Engine/Content/ArtTools/RenderToTexture/Meshes/S_1_Unit_Plane.uasset" 239
"../../../Engine/Content/ArtTools/RenderToTexture/Meshes/S_1_Unit_Plane.uexp" 240
"../../../Engine/Content/EngineMaterials/DefaultMaterial.uasset" 241
"../../../Engine/Content/EngineMaterials/DefaultMaterial.uexp" 242
"../../../Engine/Content/BasicShapes/Cone.uasset" 243
"../../../Engine/Content/BasicShapes/Cone.uexp" 244
"../../../Engine/Content/BasicShapes/Cube.uasset" 245
"../../../Engine/Content/BasicShapes/Cube.uexp" 246
"../../../Engine/Content/BasicShapes/Plane.uasset" 247
"../../../Engine/Content/BasicShapes/Plane.uexp" 248
"../../../Engine/Content/BasicShapes/Sphere.uasset" 249
"../../../Engine/Content/BasicShapes/Sphere.uexp" 250
"../../../Engine/Content/EditorLandscapeResources/DataLayer.uasset" 251
"../../../Engine/Content/EditorLandscapeResources/DataLayer.uexp" 252
"../../../Engine/Content/EditorLandscapeResources/DefaultAlphaTexture.uasset" 253
"../../../Engine/Content/EditorLandscapeResources/DefaultAlphaTexture.uexp" 254
"../../../Engine/Content/EditorMaterials/MAT_Groups_Toggle.uasset" 255
"../../../Engine/Content/EditorMaterials/MAT_Groups_Toggle.uexp" 256
"../../../Engine/Content/EditorMaterials/MAT_Groups_Visibility.uasset" 257
"../../../Engine/Content/EditorMaterials/MAT_Groups_Visibility.uexp" 258
"../../../Engine/Content/EditorMaterials/PreviewShadowIndicator.uasset" 259
"../../../Engine/Content/EditorMaterials/PreviewShadowIndicator.uexp" 260
"../../../Engine/Content/EditorMaterials/PreviewShadowIndicator.ubulk" 261
"../../../Engine/Content/EditorMaterials/PreviewShadowIndicatorMaterial.uasset" 262
"../../../Engine/Content/EditorMaterials/PreviewShadowIndicatorMaterial.uexp" 263
"../../../Engine/Content/EditorMaterials/MatineeGroups/MAT_ColorTrack.uasset" 264
"../../../Engine/Content/EditorMaterials/MatineeGroups/MAT_ColorTrack.uexp" 265
"../../../Engine/Content/EditorMaterials/MatineeGroups/MAT_Groups_Anim.uasset" 266
"../../../Engine/Content/EditorMaterials/MatineeGroups/MAT_Groups_Anim.uexp" 267
"../../../Engine/Content/EditorMaterials/MatineeGroups/MAT_Groups_AudioMaster.uasset" 268
"../../../Engine/Content/EditorMaterials/MatineeGroups/MAT_Groups_AudioMaster.uexp" 269
"../../../Engine/Content/EditorMaterials/MatineeGroups/MAT_Groups_Director.uasset" 270
"../../../Engine/Content/EditorMaterials/MatineeGroups/MAT_Groups_Director.uexp" 271
"../../../Engine/Content/EditorMaterials/MatineeGroups/MAT_Groups_Event.uasset" 272
"../../../Engine/Content/EditorMaterials/MatineeGroups/MAT_Groups_Event.uexp" 273
"../../../Engine/Content/EditorMaterials/MatineeGroups/MAT_Groups_Fade.uasset" 274
"../../../Engine/Content/EditorMaterials/MatineeGroups/MAT_Groups_Fade.uexp" 275
"../../../Engine/Content/EditorMaterials/MatineeGroups/MAT_Groups_Float.uasset" 276
"../../../Engine/Content/EditorMaterials/MatineeGroups/MAT_Groups_Float.uexp" 277
"../../../Engine/Content/EditorMaterials/MatineeGroups/MAT_Groups_Move.uasset" 278
"../../../Engine/Content/EditorMaterials/MatineeGroups/MAT_Groups_Move.uexp" 279
"../../../Engine/Content/EditorMaterials/MatineeGroups/MAT_Groups_Slomo.uasset" 280
"../../../Engine/Content/EditorMaterials/MatineeGroups/MAT_Groups_Slomo.uexp" 281
"../../../Engine/Content/EditorMaterials/MatineeGroups/MAT_Groups_Sound.uasset" 282
"../../../Engine/Content/EditorMaterials/MatineeGroups/MAT_Groups_Sound.uexp" 283
"../../../Engine/Content/EditorMaterials/MatineeGroups/MAT_Groups_Vector.uasset" 284
"../../../Engine/Content/EditorMaterials/MatineeGroups/MAT_Groups_Vector.uexp" 285
"../../../Engine/Content/EditorMaterials/ParticleSystems/PSysThumbnail_NoImage.uasset" 286
"../../../Engine/Content/EditorMaterials/ParticleSystems/PSysThumbnail_NoImage.uexp" 287
"../../../Engine/Content/EditorMaterials/ParticleSystems/PSysThumbnail_NoImage.ubulk" 288
"../../../Engine/Content/EditorMaterials/ParticleSystems/PSysThumbnail_OOD.uasset" 289
"../../../Engine/Content/EditorMaterials/ParticleSystems/PSysThumbnail_OOD.uexp" 290
"../../../Engine/Content/EditorMaterials/ParticleSystems/PSysThumbnail_OOD.ubulk" 291
"../../../Engine/Content/EditorMaterials/Camera/CineMat.uasset" 292
"../../../Engine/Content/EditorMaterials/Camera/CineMat.uexp" 293
"../../../Engine/Content/EditorMaterials/Camera/MI_CineMat_Rig.uasset" 294
"../../../Engine/Content/EditorMaterials/Camera/MI_CineMat_Rig.uexp" 295
"../../../Engine/Content/EditorMeshes/Camera/SM_CraneRig_Arm.uasset" 296
"../../../Engine/Content/EditorMeshes/Camera/SM_CraneRig_Arm.uexp" 297
"../../../Engine/Content/EditorMeshes/Camera/SM_CraneRig_Base.uasset" 298
"../../../Engine/Content/EditorMeshes/Camera/SM_CraneRig_Base.uexp" 299
"../../../Engine/Content/EditorMeshes/Camera/SM_CraneRig_Body.uasset" 300
"../../../Engine/Content/EditorMeshes/Camera/SM_CraneRig_Body.uexp" 301
"../../../Engine/Content/EditorMeshes/Camera/SM_CraneRig_Mount.uasset" 302
"../../../Engine/Content/EditorMeshes/Camera/SM_CraneRig_Mount.uexp" 303
"../../../Engine/Content/EditorMeshes/Camera/SM_RailRig_Mount.uasset" 304
"../../../Engine/Content/EditorMeshes/Camera/SM_RailRig_Mount.uexp" 305
"../../../Engine/Content/EditorMeshes/Camera/SM_RailRig_Track.uasset" 306
"../../../Engine/Content/EditorMeshes/Camera/SM_RailRig_Track.uexp" 307
"../../../Engine/Content/EditorResources/BSPVertex.uasset" 308
"../../../Engine/Content/EditorResources/BSPVertex.uexp" 309
"../../../Engine/Content/EditorResources/EmptyActor.uasset" 310
"../../../Engine/Content/EditorResources/EmptyActor.uexp" 311
"../../../Engine/Content/EditorResources/S_Actor.uasset" 312
"../../../Engine/Content/EditorResources/S_Actor.uexp" 313
"../../../Engine/Content/EditorResources/S_Actor.ubulk" 314
"../../../Engine/Content/EditorResources/S_Note.uasset" 315
"../../../Engine/Content/EditorResources/S_Note.uexp" 316
"../../../Engine/Content/EditorResources/S_Note.ubulk" 317
"../../../Engine/Content/EditorResources/S_Solver.uasset" 318
"../../../Engine/Content/EditorResources/S_Solver.uexp" 319
"../../../Engine/Content/EditorResources/S_Solver.ubulk" 320
"../../../Engine/Content/EditorResources/S_Terrain.uasset" 321
"../../../Engine/Content/EditorResources/S_Terrain.uexp" 322
"../../../Engine/Content/EditorResources/S_Terrain.ubulk" 323
"../../../Engine/Content/EditorResources/S_Trigger.uasset" 324
"../../../Engine/Content/EditorResources/S_Trigger.uexp" 325
"../../../Engine/Content/EditorResources/S_Trigger.ubulk" 326
"../../../Engine/Content/EditorResources/LightIcons/S_LightError.uasset" 327
"../../../Engine/Content/EditorResources/LightIcons/S_LightError.uexp" 328
"../../../Engine/Content/EditorResources/SequenceRecorder/Countdown.uasset" 329
"../../../Engine/Content/EditorResources/SequenceRecorder/Countdown.uexp" 330
"../../../Engine/Content/EditorResources/SequenceRecorder/RecordingIndicator.uasset" 331
"../../../Engine/Content/EditorResources/SequenceRecorder/RecordingIndicator.uexp" 332
"../../../Engine/Content/EngineDamageTypes/DmgTypeBP_Environmental.uasset" 333
"../../../Engine/Content/EngineDamageTypes/DmgTypeBP_Environmental.uexp" 334
"../../../Engine/Content/EngineDebugMaterials/DebugEditorMaterial.uasset" 335
"../../../Engine/Content/EngineDebugMaterials/DebugEditorMaterial.uexp" 336
"../../../Engine/Content/EngineDebugMaterials/DebugMeshMaterial.uasset" 337
"../../../Engine/Content/EngineDebugMaterials/DebugMeshMaterial.uexp" 338
"../../../Engine/Content/EngineDebugMaterials/M_SimpleUnlitTranslucent.uasset" 339
"../../../Engine/Content/EngineDebugMaterials/M_SimpleUnlitTranslucent.uexp" 340
"../../../Engine/Content/EngineDebugMaterials/VolumeToRender.uasset" 341
"../../../Engine/Content/EngineDebugMaterials/VolumeToRender.uexp" 342
"../../../Engine/Content/Functions/Engine_MaterialFunctions02/Utility/CameraDirectionVector.uasset" 343
"../../../Engine/Content/Functions/Engine_MaterialFunctions02/Utility/CameraDirectionVector.uexp" 344
"../../../Engine/Content/EngineDebugMaterials/M_VolumeRenderSphereTracePP.uasset" 345
"../../../Engine/Content/EngineDebugMaterials/M_VolumeRenderSphereTracePP.uexp" 346
"../../../Engine/Content/Functions/Engine_MaterialFunctions01/Shading/ConvertFromDiffSpec.uasset" 347
"../../../Engine/Content/Functions/Engine_MaterialFunctions01/Shading/ConvertFromDiffSpec.uexp" 348
"../../../Engine/Content/EngineDebugMaterials/VertexColorMaterial.uasset" 349
"../../../Engine/Content/EngineDebugMaterials/VertexColorMaterial.uexp" 350
"../../../Engine/Content/EngineDebugMaterials/WireframeMaterial.uasset" 351
"../../../Engine/Content/EngineDebugMaterials/WireframeMaterial.uexp" 352
"../../../Engine/Content/EngineFonts/Faces/RobotoRegular.uasset" 353
"../../../Engine/Content/EngineFonts/Faces/RobotoRegular.uexp" 354
"../../../Engine/Content/EngineFonts/Faces/RobotoRegular.ufont" 355
"../../../Engine/Content/EngineFonts/Faces/RobotoLight.uasset" 356
"../../../Engine/Content/EngineFonts/Faces/RobotoLight.uexp" 357
"../../../Engine/Content/EngineFonts/Faces/RobotoLight.ufont" 358
"../../../Engine/Content/EngineFonts/Faces/RobotoItalic.uasset" 359
"../../../Engine/Content/EngineFonts/Faces/RobotoItalic.uexp" 360
"../../../Engine/Content/EngineFonts/Faces/RobotoItalic.ufont" 361
"../../../Engine/Content/EngineFonts/Faces/RobotoBoldItalic.uasset" 362
"../../../Engine/Content/EngineFonts/Faces/RobotoBoldItalic.uexp" 363
"../../../Engine/Content/EngineFonts/Faces/RobotoBoldItalic.ufont" 364
"../../../Engine/Content/EngineFonts/Faces/RobotoBold.uasset" 365
"../../../Engine/Content/EngineFonts/Faces/RobotoBold.uexp" 366
"../../../Engine/Content/EngineFonts/Faces/RobotoBold.ufont" 367
"../../../Engine/Content/EngineFonts/Faces/DroidSansFallback.uasset" 368
"../../../Engine/Content/EngineFonts/Faces/DroidSansFallback.uexp" 369
"../../../Engine/Content/EngineFonts/Faces/DroidSansFallback.ufont" 370
"../../../Engine/Content/EngineFonts/Roboto.uasset" 371
"../../../Engine/Content/EngineFonts/Roboto.uexp" 372
"../../../Engine/Content/EngineMaterials/BaseFlattenNormalMap.uasset" 373
"../../../Engine/Content/EngineMaterials/BaseFlattenNormalMap.uexp" 374
"../../../Engine/Content/EngineMaterials/BaseFlattenGrayscaleMap.uasset" 375
"../../../Engine/Content/EngineMaterials/BaseFlattenGrayscaleMap.uexp" 376
"../../../Engine/Content/EngineMaterials/BaseFlattenEmissiveMap.uasset" 377
"../../../Engine/Content/EngineMaterials/BaseFlattenEmissiveMap.uexp" 378
"../../../Engine/Content/EngineMaterials/BaseFlattenDiffuseMap.uasset" 379
"../../../Engine/Content/EngineMaterials/BaseFlattenDiffuseMap.uexp" 380
"../../../Engine/Content/EngineMaterials/BaseFlattenMaterial.uasset" 381
"../../../Engine/Content/EngineMaterials/BaseFlattenMaterial.uexp" 382
"../../../Engine/Content/EngineMaterials/BlueNoise.uasset" 383
"../../../Engine/Content/EngineMaterials/BlueNoise.uexp" 384
"../../../Engine/Content/EngineMaterials/DefaultBloomKernel.uasset" 385
"../../../Engine/Content/EngineMaterials/DefaultBloomKernel.uexp" 386
"../../../Engine/Content/EngineMaterials/DefaultBokeh.uasset" 387
"../../../Engine/Content/EngineMaterials/DefaultBokeh.uexp" 388
"../../../Engine/Content/EngineMaterials/DefaultDiffuse.uasset" 389
"../../../Engine/Content/EngineMaterials/DefaultDiffuse.uexp" 390
"../../../Engine/Content/EngineMaterials/DefaultDiffuse.ubulk" 391
"../../../Engine/Content/EngineMaterials/DefaultDeferredDecalMaterial.uasset" 392
"../../../Engine/Content/EngineMaterials/DefaultDeferredDecalMaterial.uexp" 393
"../../../Engine/Content/EngineMaterials/DefaultLightFunctionMaterial.uasset" 394
"../../../Engine/Content/EngineMaterials/DefaultLightFunctionMaterial.uexp" 395
"../../../Engine/Content/EngineMaterials/DefaultPhysicalMaterial.uasset" 396
"../../../Engine/Content/EngineMaterials/DefaultPhysicalMaterial.uexp" 397
"../../../Engine/Content/Functions/Engine_MaterialFunctions02/Utility/BreakOutFloat2Components.uasset" 398
"../../../Engine/Content/Functions/Engine_MaterialFunctions02/Utility/BreakOutFloat2Components.uexp" 399
"../../../Engine/Content/EngineMaterials/DefaultPostProcessMaterial.uasset" 400
"../../../Engine/Content/EngineMaterials/DefaultPostProcessMaterial.uexp" 401
"../../../Engine/Content/EngineFonts/RobotoDistanceField.uasset" 402
"../../../Engine/Content/EngineFonts/RobotoDistanceField.uexp" 403
"../../../Engine/Content/EngineMaterials/DefaultTextMaterialOpaque.uasset" 404
"../../../Engine/Content/EngineMaterials/DefaultTextMaterialOpaque.uexp" 405
"../../../Engine/Content/EngineMaterials/DefaultWhiteGrid.uasset" 406
"../../../Engine/Content/EngineMaterials/DefaultWhiteGrid.uexp" 407
"../../../Engine/Content/EngineMaterials/DefaultWhiteGrid.ubulk" 408
"../../../Engine/Content/EngineMaterials/DefaultWhiteGrid_Low.uasset" 409
"../../../Engine/Content/EngineMaterials/DefaultWhiteGrid_Low.uexp" 410
"../../../Engine/Content/EngineMaterials/EmissiveMeshMaterial.uasset" 411
"../../../Engine/Content/EngineMaterials/EmissiveMeshMaterial.uexp" 412
"../../../Engine/Content/EngineMaterials/GizmoMaterial.uasset" 413
"../../../Engine/Content/EngineMaterials/GizmoMaterial.uexp" 414
"../../../Engine/Content/EngineMaterials/Good64x64TilingNoiseHighFreq.uasset" 415
"../../../Engine/Content/EngineMaterials/Good64x64TilingNoiseHighFreq.uexp" 416
"../../../Engine/Content/EngineMaterials/MiniFont.uasset" 417
"../../../Engine/Content/EngineMaterials/MiniFont.uexp" 418
"../../../Engine/Content/EngineMaterials/InvalidLightmapSettings.uasset" 419
"../../../Engine/Content/EngineMaterials/InvalidLightmapSettings.uexp" 420
"../../../Engine/Content/EngineMaterials/InvalidLightmapSettings.ubulk" 421
"../../../Engine/Content/EngineMaterials/M_InvalidLightmapSettings.uasset" 422
"../../../Engine/Content/EngineMaterials/M_InvalidLightmapSettings.uexp" 423
"../../../Engine/Content/Functions/Engine_MaterialFunctions02/WorldPositionOffset/CameraOffset.uasset" 424
"../../../Engine/Content/Functions/Engine_MaterialFunctions02/WorldPositionOffset/CameraOffset.uexp" 425
"../../../Engine/Content/EngineMaterials/PhAT_JointLimitMaterial.uasset" 426
"../../../Engine/Content/EngineMaterials/PhAT_JointLimitMaterial.uexp" 427
"../../../Engine/Content/EngineMaterials/DefaultCalibrationColor.uasset" 428
"../../../Engine/Content/EngineMaterials/DefaultCalibrationColor.uexp" 429
"../../../Engine/Content/EngineMaterials/PPM_DefaultCalibrationColor.uasset" 430
"../../../Engine/Content/EngineMaterials/PPM_DefaultCalibrationColor.uexp" 431
"../../../Engine/Content/EngineMaterials/DefaultCalibrationGrayscale.uasset" 432
"../../../Engine/Content/EngineMaterials/DefaultCalibrationGrayscale.uexp" 433
"../../../Engine/Content/EngineMaterials/PPM_DefaultCalibrationGrayscale.uasset" 434
"../../../Engine/Content/EngineMaterials/PPM_DefaultCalibrationGrayscale.uexp" 435
"../../../Engine/Content/EngineMaterials/PreintegratedSkinBRDF.uasset" 436
"../../../Engine/Content/EngineMaterials/PreintegratedSkinBRDF.uexp" 437
"../../../Engine/Content/EngineMaterials/RemoveSurfaceMaterial.uasset" 438
"../../../Engine/Content/EngineMaterials/RemoveSurfaceMaterial.uexp" 439
"../../../Engine/Content/EngineMaterials/WeightMapPlaceholderTexture.uasset" 440
"../../../Engine/Content/EngineMaterials/WeightMapPlaceholderTexture.uexp" 441
"../../../Engine/Content/EngineResources/WhiteSquareTexture.uasset" 442
"../../../Engine/Content/EngineResources/WhiteSquareTexture.uexp" 443
"../../../Engine/Content/EngineMaterials/Widget3DPassThrough.uasset" 444
"../../../Engine/Content/EngineMaterials/Widget3DPassThrough.uexp" 445
"../../../Engine/Content/EngineMaterials/Widget3DPassThrough_Masked.uasset" 446
"../../../Engine/Content/EngineMaterials/Widget3DPassThrough_Masked.uexp" 447
"../../../Engine/Content/EngineMaterials/Widget3DPassThrough_Opaque.uasset" 448
"../../../Engine/Content/EngineMaterials/Widget3DPassThrough_Opaque.uexp" 449
"../../../Engine/Content/EngineMaterials/Widget3DPassThrough_Masked_OneSided.uasset" 450
"../../../Engine/Content/EngineMaterials/Widget3DPassThrough_Masked_OneSided.uexp" 451
"../../../Engine/Content/EngineMaterials/Widget3DPassThrough_Opaque_OneSided.uasset" 452
"../../../Engine/Content/EngineMaterials/Widget3DPassThrough_Opaque_OneSided.uexp" 453
"../../../Engine/Content/EngineMaterials/Widget3DPassThrough_Translucent.uasset" 454
"../../../Engine/Content/EngineMaterials/Widget3DPassThrough_Translucent.uexp" 455
"../../../Engine/Content/EngineMaterials/Widget3DPassThrough_Translucent_OneSided.uasset" 456
"../../../Engine/Content/EngineMaterials/Widget3DPassThrough_Translucent_OneSided.uexp" 457
"../../../Engine/Content/EngineMeshes/Cylinder.uasset" 458
"../../../Engine/Content/EngineMeshes/Cylinder.uexp" 459
"../../../Engine/Content/EngineMeshes/Sphere.uasset" 460
"../../../Engine/Content/EngineMeshes/Sphere.uexp" 461
"../../../Engine/Content/EngineResources/DefaultTexture.uasset" 462
"../../../Engine/Content/EngineResources/DefaultTexture.uexp" 463
"../../../Engine/Content/EngineResources/DefaultTexture.ubulk" 464
"../../../Engine/Content/EngineResources/DefaultTextureCube.uasset" 465
"../../../Engine/Content/EngineResources/DefaultTextureCube.uexp" 466
"../../../Engine/Content/EngineResources/DefaultVolumeTexture2D.uasset" 467
"../../../Engine/Content/EngineResources/DefaultVolumeTexture2D.uexp" 468
"../../../Engine/Content/EngineResources/DefaultVolumeTexture.uasset" 469
"../../../Engine/Content/EngineResources/DefaultVolumeTexture.uexp" 470
"../../../Engine/Content/EngineResources/GradientTexture0.uasset" 471
"../../../Engine/Content/EngineResources/GradientTexture0.uexp" 472
"../../../Engine/Content/EngineSky/VolumetricClouds/T_NoiseShape64.uasset" 473
"../../../Engine/Content/EngineSky/VolumetricClouds/T_NoiseShape64.uexp" 474
"../../../Engine/Content/EngineSky/VolumetricClouds/T_NoiseShape64.ubulk" 475
"../../../Engine/Content/EngineSky/VolumetricClouds/T_VolumeNoiseShape64.uasset" 476
"../../../Engine/Content/EngineSky/VolumetricClouds/T_VolumeNoiseShape64.uexp" 477
"../../../Engine/Content/EngineSky/VolumetricClouds/T_NoiseErosion.uasset" 478
"../../../Engine/Content/EngineSky/VolumetricClouds/T_NoiseErosion.uexp" 479
"../../../Engine/Content/EngineSky/VolumetricClouds/T_NoiseErosion.ubulk" 480
"../../../Engine/Content/EngineSky/VolumetricClouds/T_VolumeNoiseErosion32.uasset" 481
"../../../Engine/Content/EngineSky/VolumetricClouds/T_VolumeNoiseErosion32.uexp" 482
"../../../Engine/Content/EngineSky/VolumetricClouds/CloudWeatherTexture.uasset" 483
"../../../Engine/Content/EngineSky/VolumetricClouds/CloudWeatherTexture.uexp" 484
"../../../Engine/Content/EngineSky/VolumetricClouds/CloudGradientTexture.uasset" 485
"../../../Engine/Content/EngineSky/VolumetricClouds/CloudGradientTexture.uexp" 486
"../../../Engine/Content/Functions/Engine_MaterialFunctions02/Utility/MakeFloat2.uasset" 487
"../../../Engine/Content/Functions/Engine_MaterialFunctions02/Utility/MakeFloat2.uexp" 488
"../../../Engine/Content/EngineSky/VolumetricClouds/m_SimpleVolumetricCloud.uasset" 489
"../../../Engine/Content/EngineSky/VolumetricClouds/m_SimpleVolumetricCloud.uexp" 490
"../../../Engine/Content/EngineSky/VolumetricClouds/m_SimpleVolumetricCloud_Inst.uasset" 491
"../../../Engine/Content/EngineSky/VolumetricClouds/m_SimpleVolumetricCloud_Inst.uexp" 492
"../../../Engine/Content/EngineSounds/Master.uasset" 493
"../../../Engine/Content/EngineSounds/Master.uexp" 494
"../../../Engine/Content/Functions/Engine_MaterialFunctions01/Shading/PowerToRoughness.uasset" 495
"../../../Engine/Content/Functions/Engine_MaterialFunctions01/Shading/PowerToRoughness.uexp" 496
"../../../Engine/Content/Maps/Templates/Thumbnails/Default.uasset" 497
"../../../Engine/Content/Maps/Templates/Thumbnails/Default.uexp" 498
"../../../Engine/Content/Maps/Templates/Thumbnails/TimeOfDay.uasset" 499
"../../../Engine/Content/Maps/Templates/Thumbnails/TimeOfDay.uexp" 500
"../../../Engine/Content/Maps/Templates/Thumbnails/VR-Basic.uasset" 501
"../../../Engine/Content/Maps/Templates/Thumbnails/VR-Basic.uexp" 502
"../../../Engine/Content/MobileResources/T_MobileControls_texture.uasset" 503
"../../../Engine/Content/MobileResources/T_MobileControls_texture.uexp" 504
"../../../Engine/Content/MobileResources/T_MobileMenu2.uasset" 505
"../../../Engine/Content/MobileResources/T_MobileMenu2.uexp" 506
"../../../Engine/Content/MobileResources/HUD/AnalogHat.uasset" 507
"../../../Engine/Content/MobileResources/HUD/AnalogHat.uexp" 508
"../../../Engine/Content/MobileResources/HUD/VirtualJoystick_Thumb.uasset" 509
"../../../Engine/Content/MobileResources/HUD/VirtualJoystick_Thumb.uexp" 510
"../../../Engine/Content/MobileResources/HUD/VirtualJoystick_Background.uasset" 511
"../../../Engine/Content/MobileResources/HUD/VirtualJoystick_Background.uexp" 512
"../../../Engine/Content/MobileResources/HUD/DefaultVirtualJoysticks.uasset" 513
"../../../Engine/Content/MobileResources/HUD/DefaultVirtualJoysticks.uexp" 514
"../../../Engine/Content/MobileResources/HUD/LeftVirtualJoystickOnly.uasset" 515
"../../../Engine/Content/MobileResources/HUD/LeftVirtualJoystickOnly.uexp" 516
"../../../Engine/Content/MobileResources/HUD/MobileHUDButton1_off.uasset" 517
"../../../Engine/Content/MobileResources/HUD/MobileHUDButton1_off.uexp" 518
"../../../Engine/Content/MobileResources/HUD/MobileHUDButton1_on.uasset" 519
"../../../Engine/Content/MobileResources/HUD/MobileHUDButton1_on.uexp" 520
"../../../Engine/Content/MobileResources/HUD/MobileHUDButton2_off.uasset" 521
"../../../Engine/Content/MobileResources/HUD/MobileHUDButton2_off.uexp" 522
"../../../Engine/Content/MobileResources/HUD/MobileHUDButton2_on.uasset" 523
"../../../Engine/Content/MobileResources/HUD/MobileHUDButton2_on.uexp" 524
"../../../Engine/Content/MobileResources/HUD/MobileHUDButton3.uasset" 525
"../../../Engine/Content/MobileResources/HUD/MobileHUDButton3.uexp" 526
"../../../Engine/Content/MobileResources/HUD/MobileHUDButtonFire.uasset" 527
"../../../Engine/Content/MobileResources/HUD/MobileHUDButtonFire.uexp" 528
"../../../Engine/Content/MobileResources/HUD/MobileHUDDirectionPad.uasset" 529
"../../../Engine/Content/MobileResources/HUD/MobileHUDDirectionPad.uexp" 530
"../../../Engine/Content/MobileResources/HUD/MobileHUDDirectionPad2.uasset" 531
"../../../Engine/Content/MobileResources/HUD/MobileHUDDirectionPad2.uexp" 532
"../../../Engine/Content/MobileResources/HUD/MobileHUDDirectionPad3.uasset" 533
"../../../Engine/Content/MobileResources/HUD/MobileHUDDirectionPad3.uexp" 534
"../../../Engine/Content/MobileResources/HUD/MobileHUDDirectionStick.uasset" 535
"../../../Engine/Content/MobileResources/HUD/MobileHUDDirectionStick.uexp" 536
"../../../Engine/Content/MobileResources/HUD/T_Castle_ThumbstickInner.uasset" 537
"../../../Engine/Content/MobileResources/HUD/T_Castle_ThumbstickInner.uexp" 538
"../../../Engine/Content/MobileResources/HUD/T_Castle_ThumbstickOutter.uasset" 539
"../../../Engine/Content/MobileResources/HUD/T_Castle_ThumbstickOutter.uexp" 540
"../../../Engine/Content/Tutorial/ContentIntroCurve.uasset" 541
"../../../Engine/Content/Tutorial/ContentIntroCurve.uexp" 542
"../../../Engine/Content/Tutorial/Basics/TutorialAssets/icon_tab_Levels_40x.uasset" 543
"../../../Engine/Content/Tutorial/Basics/TutorialAssets/icon_tab_Levels_40x.uexp" 544
"../../../Engine/Content/Tutorial/SubEditors/TutorialAssets/TutorialMaterial.uasset" 545
"../../../Engine/Content/Tutorial/SubEditors/TutorialAssets/TutorialMaterial.uexp" 546
"../../../Engine/Content/VREditor/TransformGizmo/TranslucentTransformGizmoMaterial.uasset" 547
"../../../Engine/Content/VREditor/TransformGizmo/TranslucentTransformGizmoMaterial.uexp" 548
"../../../Engine/Content/VREditor/LaserPointer/VR_LaserPower_01.uasset" 549
"../../../Engine/Content/VREditor/LaserPointer/VR_LaserPower_01.uexp" 550
"../../../Engine/Content/VREditor/LaserPointer/VR_LaserPower_01.ubulk" 551
"../../../Engine/Content/VREditor/TransformGizmo/TransformGizmoMaterial.uasset" 552
"../../../Engine/Content/VREditor/TransformGizmo/TransformGizmoMaterial.uexp" 553
"../../../Engine/Content/VREditor/TransformGizmo/BoundingBoxCorner.uasset" 554
"../../../Engine/Content/VREditor/TransformGizmo/BoundingBoxCorner.uexp" 555
"../../../Engine/Content/VREditor/TransformGizmo/BoundingBoxEdge.uasset" 556
"../../../Engine/Content/VREditor/TransformGizmo/BoundingBoxEdge.uexp" 557
"../../../Engine/Content/VREditor/TransformGizmo/PlaneTranslationHandle.uasset" 558
"../../../Engine/Content/VREditor/TransformGizmo/PlaneTranslationHandle.uexp" 559
"../../../Engine/Content/VREditor/TransformGizmo/Xray.uasset" 560
"../../../Engine/Content/VREditor/TransformGizmo/Xray.uexp" 561
"../../../Engine/Content/VREditor/TransformGizmo/Main.uasset" 562
"../../../Engine/Content/VREditor/TransformGizmo/Main.uexp" 563
"../../../Engine/Content/VREditor/TransformGizmo/SM_Sequencer_Key.uasset" 564
"../../../Engine/Content/VREditor/TransformGizmo/SM_Sequencer_Key.uexp" 565
"../../../Engine/Content/VREditor/TransformGizmo/SM_Sequencer_Node.uasset" 566
"../../../Engine/Content/VREditor/TransformGizmo/SM_Sequencer_Node.uexp" 567
"../../../Engine/Plugins/2D/Paper2D/Content/PlaceholderTextures/DummySpriteTexture.uasset" 568
"../../../Engine/Plugins/2D/Paper2D/Content/PlaceholderTextures/DummySpriteTexture.uexp" 569
"../../../Engine/Plugins/2D/Paper2D/Content/PlaceholderTextures/DummySpriteTexture.ubulk" 570
"../../../Engine/Plugins/2D/Paper2D/Content/DummySprite.uasset" 571
"../../../Engine/Plugins/2D/Paper2D/Content/DummySprite.uexp" 572
"../../../Engine/Plugins/2D/Paper2D/Content/DefaultPaperTerrainMaterial.uasset" 573
"../../../Engine/Plugins/2D/Paper2D/Content/DefaultPaperTerrainMaterial.uexp" 574
"../../../Engine/Plugins/2D/Paper2D/Content/DefaultSpriteMaterial.uasset" 575
"../../../Engine/Plugins/2D/Paper2D/Content/DefaultSpriteMaterial.uexp" 576
"../../../Engine/Plugins/2D/Paper2D/Content/MaskedUnlitSpriteMaterial.uasset" 577
"../../../Engine/Plugins/2D/Paper2D/Content/MaskedUnlitSpriteMaterial.uexp" 578
"../../../Engine/Plugins/2D/Paper2D/Content/OpaqueUnlitSpriteMaterial.uasset" 579
"../../../Engine/Plugins/2D/Paper2D/Content/OpaqueUnlitSpriteMaterial.uexp" 580
"../../../Engine/Content/Functions/Engine_MaterialFunctions02/ObjectLocalBounds.uasset" 581
"../../../Engine/Content/Functions/Engine_MaterialFunctions02/ObjectLocalBounds.uexp" 582
"../../../Engine/Content/Functions/Engine_MaterialFunctions02/Utility/BreakOutFloat3Components.uasset" 583
"../../../Engine/Content/Functions/Engine_MaterialFunctions02/Utility/BreakOutFloat3Components.uexp" 584
"../../../Engine/Content/Functions/Engine_MaterialFunctions02/UVs/BoundingBoxBased_0-1_UVW.uasset" 585
"../../../Engine/Content/Functions/Engine_MaterialFunctions02/UVs/BoundingBoxBased_0-1_UVW.uexp" 586
"../../../Engine/Content/Functions/Engine_MaterialFunctions02/SafeNormalize.uasset" 587
"../../../Engine/Content/Functions/Engine_MaterialFunctions02/SafeNormalize.uexp" 588
"../../../Engine/Plugins/Editor/SpeedTreeImporter/Content/SpeedTree9/UnpackInteger3.uasset" 589
"../../../Engine/Plugins/Editor/SpeedTreeImporter/Content/SpeedTree9/UnpackInteger3.uexp" 590
"../../../Engine/Plugins/Editor/SpeedTreeImporter/Content/SpeedTree9/UnpackDirection.uasset" 591
"../../../Engine/Plugins/Editor/SpeedTreeImporter/Content/SpeedTree9/UnpackDirection.uexp" 592
"../../../Engine/Plugins/Editor/SpeedTreeImporter/Content/SpeedTree9/game_wind_noise.uasset" 593
"../../../Engine/Plugins/Editor/SpeedTreeImporter/Content/SpeedTree9/game_wind_noise.uexp" 594
"../../../Engine/Plugins/Editor/SpeedTreeImporter/Content/SpeedTree9/game_wind_noise.ubulk" 595
"../../../Engine/Plugins/Editor/SpeedTreeImporter/Content/SpeedTree9/SpeedTreeWindMotion.uasset" 596
"../../../Engine/Plugins/Editor/SpeedTreeImporter/Content/SpeedTree9/SpeedTreeWindMotion.uexp" 597
"../../../Engine/Plugins/Editor/SpeedTreeImporter/Content/SpeedTree9/SpeedTreeBranchMotion.uasset" 598
"../../../Engine/Plugins/Editor/SpeedTreeImporter/Content/SpeedTree9/SpeedTreeBranchMotion.uexp" 599
"../../../Engine/Content/Functions/Engine_MaterialFunctions02/Utility/VectorLength.uasset" 600
"../../../Engine/Content/Functions/Engine_MaterialFunctions02/Utility/VectorLength.uexp" 601
"../../../Engine/Content/Functions/Engine_MaterialFunctions02/WorldPositionOffset/ObjectScale.uasset" 602
"../../../Engine/Content/Functions/Engine_MaterialFunctions02/WorldPositionOffset/ObjectScale.uexp" 603
"../../../Engine/Plugins/Editor/SpeedTreeImporter/Content/SpeedTree9/SpeedTreeWind.uasset" 604
"../../../Engine/Plugins/Editor/SpeedTreeImporter/Content/SpeedTree9/SpeedTreeWind.uexp" 605
"../../../Engine/Plugins/Editor/SpeedTreeImporter/Content/SpeedTree9/SpeedTreeBillboard.uasset" 606
"../../../Engine/Plugins/Editor/SpeedTreeImporter/Content/SpeedTree9/SpeedTreeBillboard.uexp" 607
"../../../Engine/Plugins/Editor/SpeedTreeImporter/Content/SpeedTree9/EmptyNormal.uasset" 608
"../../../Engine/Plugins/Editor/SpeedTreeImporter/Content/SpeedTree9/EmptyNormal.uexp" 609
"../../../Engine/Plugins/Editor/SpeedTreeImporter/Content/SpeedTree9/Empty.uasset" 610
"../../../Engine/Plugins/Editor/SpeedTreeImporter/Content/SpeedTree9/Empty.uexp" 611
"../../../Engine/Plugins/Editor/SpeedTreeImporter/Content/SpeedTree9/SpeedTreeBillboardMaster.uasset" 612
"../../../Engine/Plugins/Editor/SpeedTreeImporter/Content/SpeedTree9/SpeedTreeBillboardMaster.uexp" 613
"../../../Engine/Plugins/Editor/SpeedTreeImporter/Content/SpeedTree9/SpeedTreeCameraFacing.uasset" 614
"../../../Engine/Plugins/Editor/SpeedTreeImporter/Content/SpeedTree9/SpeedTreeCameraFacing.uexp" 615
"../../../Engine/Plugins/Editor/SpeedTreeImporter/Content/SpeedTree9/SpeedTreeMaster.uasset" 616
"../../../Engine/Plugins/Editor/SpeedTreeImporter/Content/SpeedTree9/SpeedTreeMaster.uexp" 617
"../../../Engine/Content/ArtTools/RenderToTexture/Materials/Debug/M_Emissive_Color.uasset" 618
"../../../Engine/Content/ArtTools/RenderToTexture/Materials/Debug/M_Emissive_Color.uexp" 619
"../../../Engine/Content/BasicShapes/Cylinder.uasset" 620
"../../../Engine/Content/BasicShapes/Cylinder.uexp" 621
"../../../Engine/Plugins/Lumin/MagicLeapPassableWorld/Content/MagicLeapARPinInfoActor.uasset" 622
"../../../Engine/Plugins/Lumin/MagicLeapPassableWorld/Content/MagicLeapARPinInfoActor.uexp" 623
"../../../Engine/Content/EngineResources/Black.uasset" 624
"../../../Engine/Content/EngineResources/Black.uexp" 625
"../../../Engine/Plugins/Runtime/OpenXR/Content/Devices/GoogleDaydream/MRTexture.uasset" 626
"../../../Engine/Plugins/Runtime/OpenXR/Content/Devices/GoogleDaydream/MRTexture.uexp" 627
"../../../Engine/Plugins/Runtime/OpenXR/Content/Devices/GoogleDaydream/MRTexture.ubulk" 628
"../../../Engine/Plugins/Runtime/OpenXR/Content/Devices/GoogleDaydream/BaseTexture.uasset" 629
"../../../Engine/Plugins/Runtime/OpenXR/Content/Devices/GoogleDaydream/BaseTexture.uexp" 630
"../../../Engine/Plugins/Runtime/OpenXR/Content/Devices/GoogleDaydream/BaseTexture.ubulk" 631
"../../../Engine/Plugins/Runtime/OpenXR/Content/Devices/M_XRController.uasset" 632
"../../../Engine/Plugins/Runtime/OpenXR/Content/Devices/M_XRController.uexp" 633
"../../../Engine/Plugins/Runtime/OpenXR/Content/Devices/GoogleDaydream/MI_GoogleDaydream.uasset" 634
"../../../Engine/Plugins/Runtime/OpenXR/Content/Devices/GoogleDaydream/MI_GoogleDaydream.uexp" 635
"../../../Engine/Plugins/Runtime/OpenXR/Content/Devices/GoogleDaydream/GoogleDaydreamController.uasset" 636
"../../../Engine/Plugins/Runtime/OpenXR/Content/Devices/GoogleDaydream/GoogleDaydreamController.uexp" 637
"../../../Engine/Plugins/Runtime/OpenXR/Content/Devices/HTCVive/BaseTexture.uasset" 638
"../../../Engine/Plugins/Runtime/OpenXR/Content/Devices/HTCVive/BaseTexture.uexp" 639
"../../../Engine/Plugins/Runtime/OpenXR/Content/Devices/HTCVive/BaseTexture.ubulk" 640
"../../../Engine/Plugins/Runtime/OpenXR/Content/Devices/HTCVive/MI_HTCVive.uasset" 641
"../../../Engine/Plugins/Runtime/OpenXR/Content/Devices/HTCVive/MI_HTCVive.uexp" 642
"../../../Engine/Plugins/Runtime/OpenXR/Content/Devices/HTCVive/HTCViveController.uasset" 643
"../../../Engine/Plugins/Runtime/OpenXR/Content/Devices/HTCVive/HTCViveController.uexp" 644
"../../../Engine/Plugins/Runtime/OpenXR/Content/Devices/MicrosoftMixedReality/NormalTexture.uasset" 645
"../../../Engine/Plugins/Runtime/OpenXR/Content/Devices/MicrosoftMixedReality/NormalTexture.uexp" 646
"../../../Engine/Plugins/Runtime/OpenXR/Content/Devices/MicrosoftMixedReality/NormalTexture.ubulk" 647
"../../../Engine/Plugins/Runtime/OpenXR/Content/Devices/MicrosoftMixedReality/MRTexture.uasset" 648
"../../../Engine/Plugins/Runtime/OpenXR/Content/Devices/MicrosoftMixedReality/MRTexture.uexp" 649
"../../../Engine/Plugins/Runtime/OpenXR/Content/Devices/MicrosoftMixedReality/MRTexture.ubulk" 650
"../../../Engine/Plugins/Runtime/OpenXR/Content/Devices/MicrosoftMixedReality/EmissiveTexture.uasset" 651
"../../../Engine/Plugins/Runtime/OpenXR/Content/Devices/MicrosoftMixedReality/EmissiveTexture.uexp" 652
"../../../Engine/Plugins/Runtime/OpenXR/Content/Devices/MicrosoftMixedReality/EmissiveTexture.ubulk" 653
"../../../Engine/Plugins/Runtime/OpenXR/Content/Devices/MicrosoftMixedReality/BaseTexture.uasset" 654
"../../../Engine/Plugins/Runtime/OpenXR/Content/Devices/MicrosoftMixedReality/BaseTexture.uexp" 655
"../../../Engine/Plugins/Runtime/OpenXR/Content/Devices/MicrosoftMixedReality/BaseTexture.ubulk" 656
"../../../Engine/Plugins/Runtime/OpenXR/Content/Devices/MicrosoftMixedReality/MI_MicrosoftMixedReality.uasset" 657
"../../../Engine/Plugins/Runtime/OpenXR/Content/Devices/MicrosoftMixedReality/MI_MicrosoftMixedReality.uexp" 658
"../../../Engine/Plugins/Runtime/OpenXR/Content/Devices/MicrosoftMixedReality/Left/left_MicrosoftMixedRealityController.uasset" 659
"../../../Engine/Plugins/Runtime/OpenXR/Content/Devices/MicrosoftMixedReality/Left/left_MicrosoftMixedRealityController.uexp" 660
"../../../Engine/Plugins/Runtime/OpenXR/Content/Devices/MicrosoftMixedReality/Right/right_MicrosoftMixedRealityController.uasset" 661
"../../../Engine/Plugins/Runtime/OpenXR/Content/Devices/MicrosoftMixedReality/Right/right_MicrosoftMixedRealityController.uexp" 662
"../../../Engine/Plugins/Runtime/OpenXR/Content/Devices/OculusGo/BaseTexture.uasset" 663
"../../../Engine/Plugins/Runtime/OpenXR/Content/Devices/OculusGo/BaseTexture.uexp" 664
"../../../Engine/Plugins/Runtime/OpenXR/Content/Devices/OculusGo/BaseTexture.ubulk" 665
"../../../Engine/Plugins/Runtime/OpenXR/Content/Devices/OculusGo/MI_OculusGo.uasset" 666
"../../../Engine/Plugins/Runtime/OpenXR/Content/Devices/OculusGo/MI_OculusGo.uexp" 667
"../../../Engine/Plugins/Runtime/OpenXR/Content/Devices/OculusGo/OculusGoController.uasset" 668
"../../../Engine/Plugins/Runtime/OpenXR/Content/Devices/OculusGo/OculusGoController.uexp" 669
"../../../Engine/Plugins/Runtime/OpenXR/Content/Devices/OculusTouch/MRTexture.uasset" 670
"../../../Engine/Plugins/Runtime/OpenXR/Content/Devices/OculusTouch/MRTexture.uexp" 671
"../../../Engine/Plugins/Runtime/OpenXR/Content/Devices/OculusTouch/MRTexture.ubulk" 672
"../../../Engine/Plugins/Runtime/OpenXR/Content/Devices/OculusTouch/BaseTexture.uasset" 673
"../../../Engine/Plugins/Runtime/OpenXR/Content/Devices/OculusTouch/BaseTexture.uexp" 674
"../../../Engine/Plugins/Runtime/OpenXR/Content/Devices/OculusTouch/BaseTexture.ubulk" 675
"../../../Engine/Plugins/Runtime/OpenXR/Content/Devices/OculusTouch/MI_OculusTouch.uasset" 676
"../../../Engine/Plugins/Runtime/OpenXR/Content/Devices/OculusTouch/MI_OculusTouch.uexp" 677
"../../../Engine/Plugins/Runtime/OpenXR/Content/Devices/OculusTouch/Left/left_OculusTouchController.uasset" 678
"../../../Engine/Plugins/Runtime/OpenXR/Content/Devices/OculusTouch/Left/left_OculusTouchController.uexp" 679
"../../../Engine/Plugins/Runtime/OpenXR/Content/Devices/OculusTouch/Right/right_OculusTouchController.uasset" 680
"../../../Engine/Plugins/Runtime/OpenXR/Content/Devices/OculusTouch/Right/right_OculusTouchController.uexp" 681
"../../../Engine/Plugins/Runtime/OpenXR/Content/Devices/OculusTouch_v2/MRTexture.uasset" 682
"../../../Engine/Plugins/Runtime/OpenXR/Content/Devices/OculusTouch_v2/MRTexture.uexp" 683
"../../../Engine/Plugins/Runtime/OpenXR/Content/Devices/OculusTouch_v2/MRTexture.ubulk" 684
"../../../Engine/Plugins/Runtime/OpenXR/Content/Devices/OculusTouch_v2/BaseTexture.uasset" 685
"../../../Engine/Plugins/Runtime/OpenXR/Content/Devices/OculusTouch_v2/BaseTexture.uexp" 686
"../../../Engine/Plugins/Runtime/OpenXR/Content/Devices/OculusTouch_v2/BaseTexture.ubulk" 687
"../../../Engine/Plugins/Runtime/OpenXR/Content/Devices/OculusTouch_v2/MI_OculusTouch_v2.uasset" 688
"../../../Engine/Plugins/Runtime/OpenXR/Content/Devices/OculusTouch_v2/MI_OculusTouch_v2.uexp" 689
"../../../Engine/Plugins/Runtime/OpenXR/Content/Devices/OculusTouch_v2/Left/left_OculusTouch_v2Controller.uasset" 690
"../../../Engine/Plugins/Runtime/OpenXR/Content/Devices/OculusTouch_v2/Left/left_OculusTouch_v2Controller.uexp" 691
"../../../Engine/Plugins/Runtime/OpenXR/Content/Devices/OculusTouch_v2/Right/right_OculusTouch_v2Controller.uasset" 692
"../../../Engine/Plugins/Runtime/OpenXR/Content/Devices/OculusTouch_v2/Right/right_OculusTouch_v2Controller.uexp" 693
"../../../Engine/Plugins/Runtime/OpenXR/Content/Devices/OculusTouch_v3/MRTexture.uasset" 694
"../../../Engine/Plugins/Runtime/OpenXR/Content/Devices/OculusTouch_v3/MRTexture.uexp" 695
"../../../Engine/Plugins/Runtime/OpenXR/Content/Devices/OculusTouch_v3/MRTexture.ubulk" 696
"../../../Engine/Plugins/Runtime/OpenXR/Content/Devices/OculusTouch_v3/BaseTexture.uasset" 697
"../../../Engine/Plugins/Runtime/OpenXR/Content/Devices/OculusTouch_v3/BaseTexture.uexp" 698
"../../../Engine/Plugins/Runtime/OpenXR/Content/Devices/OculusTouch_v3/BaseTexture.ubulk" 699
"../../../Engine/Plugins/Runtime/OpenXR/Content/Devices/OculusTouch_v3/MI_OculusTouch_v3.uasset" 700
"../../../Engine/Plugins/Runtime/OpenXR/Content/Devices/OculusTouch_v3/MI_OculusTouch_v3.uexp" 701
"../../../Engine/Plugins/Runtime/OpenXR/Content/Devices/OculusTouch_v3/Left/left_OculusTouch_v3Controller.uasset" 702
"../../../Engine/Plugins/Runtime/OpenXR/Content/Devices/OculusTouch_v3/Left/left_OculusTouch_v3Controller.uexp" 703
"../../../Engine/Plugins/Runtime/OpenXR/Content/Devices/OculusTouch_v3/Right/right_OculusTouch_v3Controller.uasset" 704
"../../../Engine/Plugins/Runtime/OpenXR/Content/Devices/OculusTouch_v3/Right/right_OculusTouch_v3Controller.uexp" 705
"../../../Engine/Plugins/Runtime/OpenXR/Content/Devices/ValveIndex/Left/left_MRTexture.uasset" 706
"../../../Engine/Plugins/Runtime/OpenXR/Content/Devices/ValveIndex/Left/left_MRTexture.uexp" 707
"../../../Engine/Plugins/Runtime/OpenXR/Content/Devices/ValveIndex/Left/left_MRTexture.ubulk" 708
"../../../Engine/Plugins/Runtime/OpenXR/Content/Devices/ValveIndex/Left/left_BaseTexture.uasset" 709
"../../../Engine/Plugins/Runtime/OpenXR/Content/Devices/ValveIndex/Left/left_BaseTexture.uexp" 710
"../../../Engine/Plugins/Runtime/OpenXR/Content/Devices/ValveIndex/Left/left_BaseTexture.ubulk" 711
"../../../Engine/Plugins/Runtime/OpenXR/Content/Devices/ValveIndex/Left/MI_left_ValveIndex.uasset" 712
"../../../Engine/Plugins/Runtime/OpenXR/Content/Devices/ValveIndex/Left/MI_left_ValveIndex.uexp" 713
"../../../Engine/Plugins/Runtime/OpenXR/Content/Devices/ValveIndex/Left/left_ValveIndexController.uasset" 714
"../../../Engine/Plugins/Runtime/OpenXR/Content/Devices/ValveIndex/Left/left_ValveIndexController.uexp" 715
"../../../Engine/Plugins/Runtime/OpenXR/Content/Devices/ValveIndex/Right/right_MRTexture.uasset" 716
"../../../Engine/Plugins/Runtime/OpenXR/Content/Devices/ValveIndex/Right/right_MRTexture.uexp" 717
"../../../Engine/Plugins/Runtime/OpenXR/Content/Devices/ValveIndex/Right/right_MRTexture.ubulk" 718
"../../../Engine/Plugins/Runtime/OpenXR/Content/Devices/ValveIndex/Right/right_BaseTexture.uasset" 719
"../../../Engine/Plugins/Runtime/OpenXR/Content/Devices/ValveIndex/Right/right_BaseTexture.uexp" 720
"../../../Engine/Plugins/Runtime/OpenXR/Content/Devices/ValveIndex/Right/right_BaseTexture.ubulk" 721
"../../../Engine/Plugins/Runtime/OpenXR/Content/Devices/ValveIndex/Right/MI_right_ValveIndex.uasset" 722
"../../../Engine/Plugins/Runtime/OpenXR/Content/Devices/ValveIndex/Right/MI_right_ValveIndex.uexp" 723
"../../../Engine/Plugins/Runtime/OpenXR/Content/Devices/ValveIndex/Right/right_ValveIndexController.uasset" 724
"../../../Engine/Plugins/Runtime/OpenXR/Content/Devices/ValveIndex/Right/right_ValveIndexController.uexp" 725
"../../../Engine/Content/Functions/Engine_MaterialFunctions02/Utility/BreakOutFloat4Components.uasset" 726
"../../../Engine/Content/Functions/Engine_MaterialFunctions02/Utility/BreakOutFloat4Components.uexp" 727
"../../../Engine/Plugins/Runtime/Oculus/OculusVR/Content/Materials/OculusMR_ChromaKey.uasset" 728
"../../../Engine/Plugins/Runtime/Oculus/OculusVR/Content/Materials/OculusMR_ChromaKey.uexp" 729
"../../../Engine/Plugins/Runtime/Oculus/OculusVR/Content/Materials/OculusMR_OpaqueColoredMaterial.uasset" 730
"../../../Engine/Plugins/Runtime/Oculus/OculusVR/Content/Materials/OculusMR_OpaqueColoredMaterial.uexp" 731
"../../../Engine/Plugins/Runtime/Oculus/OculusVR/Content/Materials/PokeAHoleMaterial.uasset" 732
"../../../Engine/Plugins/Runtime/Oculus/OculusVR/Content/Materials/PokeAHoleMaterial.uexp" 733
"../../../Engine/Plugins/Runtime/Oculus/OculusVR/Content/Textures/touchController_controlmap.uasset" 734
"../../../Engine/Plugins/Runtime/Oculus/OculusVR/Content/Textures/touchController_controlmap.uexp" 735
"../../../Engine/Plugins/Runtime/Oculus/OculusVR/Content/Textures/touchController_controlmap.ubulk" 736
"../../../Engine/Plugins/Runtime/Oculus/OculusVR/Content/Textures/touchController_albedo.uasset" 737
"../../../Engine/Plugins/Runtime/Oculus/OculusVR/Content/Textures/touchController_albedo.uexp" 738
"../../../Engine/Plugins/Runtime/Oculus/OculusVR/Content/Textures/touchController_albedo.ubulk" 739
"../../../Engine/Plugins/Runtime/Oculus/OculusVR/Content/Materials/touchController_mat.uasset" 740
"../../../Engine/Plugins/Runtime/Oculus/OculusVR/Content/Materials/touchController_mat.uexp" 741
"../../../Engine/Plugins/Runtime/Oculus/OculusVR/Content/Meshes/LeftTouchController.uasset" 742
"../../../Engine/Plugins/Runtime/Oculus/OculusVR/Content/Meshes/LeftTouchController.uexp" 743
"../../../Engine/Plugins/Runtime/Oculus/OculusVR/Content/Textures/TouchForQuestRiftSController_albedo.uasset" 744
"../../../Engine/Plugins/Runtime/Oculus/OculusVR/Content/Textures/TouchForQuestRiftSController_albedo.uexp" 745
"../../../Engine/Plugins/Runtime/Oculus/OculusVR/Content/Textures/TouchForQuestRiftSController_albedo.ubulk" 746
"../../../Engine/Plugins/Runtime/Oculus/OculusVR/Content/Materials/TouchForQuestRiftSControllerMaterial.uasset" 747
"../../../Engine/Plugins/Runtime/Oculus/OculusVR/Content/Materials/TouchForQuestRiftSControllerMaterial.uexp" 748
"../../../Engine/Plugins/Runtime/Oculus/OculusVR/Content/Meshes/LeftTouchForQuestRiftSController.uasset" 749
"../../../Engine/Plugins/Runtime/Oculus/OculusVR/Content/Meshes/LeftTouchForQuestRiftSController.uexp" 750
"../../../Engine/Plugins/Runtime/Oculus/OculusVR/Content/Meshes/RiftHMD.uasset" 751
"../../../Engine/Plugins/Runtime/Oculus/OculusVR/Content/Meshes/RiftHMD.uexp" 752
"../../../Engine/Plugins/Runtime/Oculus/OculusVR/Content/Meshes/RightTouchController.uasset" 753
"../../../Engine/Plugins/Runtime/Oculus/OculusVR/Content/Meshes/RightTouchController.uexp" 754
"../../../Engine/Plugins/Runtime/Oculus/OculusVR/Content/Meshes/RightTouchForQuestRiftSController.uasset" 755
"../../../Engine/Plugins/Runtime/Oculus/OculusVR/Content/Meshes/RightTouchForQuestRiftSController.uexp" 756
"../../../Engine/Content/EngineSky/T_Sky_Stars.uasset" 757
"../../../Engine/Content/EngineSky/T_Sky_Stars.uexp" 758
"../../../Engine/Content/EngineSky/T_Sky_Stars.ubulk" 759
"../../../Engine/Content/EngineSky/T_Sky_Clouds_M.uasset" 760
"../../../Engine/Content/EngineSky/T_Sky_Clouds_M.uexp" 761
"../../../Engine/Content/EngineSky/T_Sky_Clouds_M.ubulk" 762
"../../../Engine/Content/EngineSky/T_Sky_Blue.uasset" 763
"../../../Engine/Content/EngineSky/T_Sky_Blue.uexp" 764
"../../../Engine/Content/EngineSky/T_Sky_Blue.ubulk" 765
"C:/Users/chris/Desktop/Diss Project/RTPG/Content/Textures/MossyRock/MossyRock.uasset" 766
"C:/Users/chris/Desktop/Diss Project/RTPG/Content/Textures/MossyRock/MossyRock.uexp" 767
"../../../Engine/Content/Functions/Engine_MaterialFunctions01/AlphaBlend/WorldAlignedBlend.uasset" 768
"../../../Engine/Content/Functions/Engine_MaterialFunctions01/AlphaBlend/WorldAlignedBlend.uexp" 769
"C:/Users/chris/Desktop/Diss Project/RTPG/Content/Materials/SlopeBlend/SlopeBlend.uasset" 770
"C:/Users/chris/Desktop/Diss Project/RTPG/Content/Materials/SlopeBlend/SlopeBlend.uexp" 771
"C:/Users/chris/Desktop/Diss Project/RTPG/Content/Materials/SlopeBlend/Terrain.uasset" 772
"C:/Users/chris/Desktop/Diss Project/RTPG/Content/Materials/SlopeBlend/Terrain.uexp" 773
"../../../Engine/Content/EngineSky/M_Sky_Panning_Clouds2.uasset" 774
"../../../Engine/Content/EngineSky/M_Sky_Panning_Clouds2.uexp" 775
"C:/Users/chris/Desktop/Diss Project/RTPG/Content/MainLevel_BuiltData.uasset" 776
"C:/Users/chris/Desktop/Diss Project/RTPG/Content/MainLevel_BuiltData.uexp" 777
"C:/Users/chris/Desktop/Diss Project/RTPG/Content/MainLevel_BuiltData.ubulk" 778
"../../../Engine/Content/EngineSky/SM_SkySphere.uasset" 779
"../../../Engine/Content/EngineSky/SM_SkySphere.uexp" 780
"../../../Engine/Content/EngineSky/C_Sky_Zenith_Color.uasset" 781
"../../../Engine/Content/EngineSky/C_Sky_Zenith_Color.uexp" 782
"../../../Engine/Content/EngineSky/C_Sky_Horizon_Color.uasset" 783
"../../../Engine/Content/EngineSky/C_Sky_Horizon_Color.uexp" 784
"../../../Engine/Content/EngineSky/C_Sky_Cloud_Color.uasset" 785
"../../../Engine/Content/EngineSky/C_Sky_Cloud_Color.uexp" 786
"../../../Engine/Content/EngineSky/BP_Sky_Sphere.uasset" 787
"../../../Engine/Content/EngineSky/BP_Sky_Sphere.uexp" 788
"C:/Users/chris/Desktop/Diss Project/RTPG/Content/MainLevel.uexp" 789
"C:/Users/chris/Desktop/Diss Project/RTPG/Content/MainLevel.umap" 790
"C:/Users/chris/Desktop/Diss Project/RTPG/Content/ThirdPersonBP/Maps/ThirdPersonExampleMap_BuiltData.uasset" 791
"C:/Users/chris/Desktop/Diss Project/RTPG/Content/ThirdPersonBP/Maps/ThirdPersonExampleMap_BuiltData.uexp" 792
"C:/Users/chris/Desktop/Diss Project/RTPG/Content/ThirdPersonBP/Maps/ThirdPersonExampleMap_BuiltData.ubulk" 793
"C:/Users/chris/Desktop/Diss Project/RTPG/Content/ThirdPerson/Meshes/RampMaterial.uasset" 794
"C:/Users/chris/Desktop/Diss Project/RTPG/Content/ThirdPerson/Meshes/RampMaterial.uexp" 795
"C:/Users/chris/Desktop/Diss Project/RTPG/Content/ThirdPerson/Meshes/RightArm_StaticMesh.uasset" 796
"C:/Users/chris/Desktop/Diss Project/RTPG/Content/ThirdPerson/Meshes/RightArm_StaticMesh.uexp" 797
"C:/Users/chris/Desktop/Diss Project/RTPG/Content/ThirdPerson/Meshes/Ramp_StaticMesh.uasset" 798
"C:/Users/chris/Desktop/Diss Project/RTPG/Content/ThirdPerson/Meshes/Ramp_StaticMesh.uexp" 799
"C:/Users/chris/Desktop/Diss Project/RTPG/Content/ThirdPerson/Meshes/Linear_Stair_StaticMesh.uasset" 800
"C:/Users/chris/Desktop/Diss Project/RTPG/Content/ThirdPerson/Meshes/Linear_Stair_StaticMesh.uexp" 801
"C:/Users/chris/Desktop/Diss Project/RTPG/Content/ThirdPerson/Meshes/LeftArm_StaticMesh.uasset" 802
"C:/Users/chris/Desktop/Diss Project/RTPG/Content/ThirdPerson/Meshes/LeftArm_StaticMesh.uexp" 803
"C:/Users/chris/Desktop/Diss Project/RTPG/Content/ThirdPerson/Meshes/Bump_StaticMesh.uasset" 804
"C:/Users/chris/Desktop/Diss Project/RTPG/Content/ThirdPerson/Meshes/Bump_StaticMesh.uexp" 805
"C:/Users/chris/Desktop/Diss Project/RTPG/Content/Geometry/Meshes/CubeMaterial.uasset" 806
"C:/Users/chris/Desktop/Diss Project/RTPG/Content/Geometry/Meshes/CubeMaterial.uexp" 807
"C:/Users/chris/Desktop/Diss Project/RTPG/Content/Geometry/Meshes/TemplateFloor.uasset" 808
"C:/Users/chris/Desktop/Diss Project/RTPG/Content/Geometry/Meshes/TemplateFloor.uexp" 809
"C:/Users/chris/Desktop/Diss Project/RTPG/Content/Geometry/Meshes/1M_Cube_Chamfer.uasset" 810
"C:/Users/chris/Desktop/Diss Project/RTPG/Content/Geometry/Meshes/1M_Cube_Chamfer.uexp" 811
"C:/Users/chris/Desktop/Diss Project/RTPG/Content/Geometry/Meshes/1M_Cube.uasset" 812
"C:/Users/chris/Desktop/Diss Project/RTPG/Content/Geometry/Meshes/1M_Cube.uexp" 813
"C:/Users/chris/Desktop/Diss Project/RTPG/Content/ThirdPersonBP/Maps/ThirdPersonExampleMap.uexp" 814
"C:/Users/chris/Desktop/Diss Project/RTPG/Content/ThirdPersonBP/Maps/ThirdPersonExampleMap.umap" 815
"../../../Engine/Content/Maps/Entry_BuiltData.uasset" 816
"../../../Engine/Content/Maps/Entry_BuiltData.uexp" 817
"../../../Engine/Content/Maps/Entry.uexp" 818
"../../../Engine/Content/Maps/Entry.umap" 819
